d:\project\codes\hookmanager\hookmanager\mid\hookmanager\vc140.pdb
d:\project\codes\hookmanager\hookmanager\mid\hookmanager\vc140.idb
d:\project\codes\hookmanager\hookmanager\mid\hookmanager\ccomhook.obj
d:\project\codes\hookmanager\hookmanager\mid\hookmanager\chookmgr.obj
d:\project\codes\hookmanager\hookmanager\mid\hookmanager\cjiemi.obj
d:\project\codes\hookmanager\hookmanager\mid\hookmanager\cmyfunc.obj
d:\project\codes\hookmanager\hookmanager\mid\hookmanager\export.obj
d:\project\codes\hookmanager\hookmanager\mid\hookmanager\filecontainer.obj
d:\project\codes\hookmanager\hookmanager\mid\hookmanager\injectdll_entry.obj
d:\project\codes\hookmanager\hookmanager\bin\debug\hookmgr\hookmanager.lib
d:\project\codes\hookmanager\hookmanager\bin\debug\hookmgr\hookmanager.exp
d:\project\codes\hookmanager\hookmanager\bin\debug\hookmgr\hookmanager.ilk
d:\project\codes\hookmanager\hookmanager\bin\debug\hookmgr\hookmanager.dll
d:\project\codes\hookmanager\hookmanager\bin\debug\hookmgr\hookmanager.pdb
d:\project\codes\hookmanager\hookmanager\src\dllhajack\..\..\bin\debug\hookmgr\hookmanager.pdb
d:\project\codes\hookmanager\hookmanager\src\dllhajack\..\..\bin\debug\hookmgr\hookmanager.dll
d:\project\codes\hookmanager\hookmanager\src\dllhajack\..\..\bin\debug\hookmgr\hookmanager.ilk
d:\project\codes\hookmanager\hookmanager\mid\hookmanager\hookmanager.tlog\cl.command.1.tlog
d:\project\codes\hookmanager\hookmanager\mid\hookmanager\hookmanager.tlog\cl.read.1.tlog
d:\project\codes\hookmanager\hookmanager\mid\hookmanager\hookmanager.tlog\cl.write.1.tlog
d:\project\codes\hookmanager\hookmanager\mid\hookmanager\hookmanager.tlog\hookmanager.write.1u.tlog
d:\project\codes\hookmanager\hookmanager\mid\hookmanager\hookmanager.tlog\link.command.1.tlog
d:\project\codes\hookmanager\hookmanager\mid\hookmanager\hookmanager.tlog\link.read.1.tlog
d:\project\codes\hookmanager\hookmanager\mid\hookmanager\hookmanager.tlog\link.write.1.tlog
