c:\users\nikren\documents\visual studio 2015\projects\filereader\filereader\debug\filereader.pch
c:\users\nikren\documents\visual studio 2015\projects\filereader\filereader\debug\vc140.pdb
c:\users\nikren\documents\visual studio 2015\projects\filereader\filereader\debug\vc140.idb
c:\users\nikren\documents\visual studio 2015\projects\filereader\filereader\debug\stdafx.obj
c:\users\nikren\documents\visual studio 2015\projects\filereader\filereader\debug\filereader.obj
c:\users\nikren\documents\visual studio 2015\projects\filereader\debug\filereader.ilk
c:\users\nikren\documents\visual studio 2015\projects\filereader\debug\filereader.exe
c:\users\nikren\documents\visual studio 2015\projects\filereader\debug\filereader.pdb
c:\users\nikren\documents\visual studio 2015\projects\filereader\filereader\debug\filereader.res
d:\project\codes\hookmanager\filereader\filereader\debug\filereader.obj
d:\project\codes\hookmanager\filereader\filereader\debug\stdafx.obj
d:\project\codes\hookmanager\filereader\filereader\debug\filereader.res
d:\project\codes\hookmanager\filereader\filereader\debug\filereader.pch
d:\project\codes\hookmanager\filereader\filereader\debug\vc140.idb
d:\project\codes\hookmanager\filereader\filereader\debug\vc140.pdb
d:\project\codes\hookmanager\filereader\debug\filereader.pdb
d:\project\codes\hookmanager\filereader\debug\filereader.exe
d:\project\codes\hookmanager\filereader\debug\filereader.ilk
d:\project\codes\hookmanager\filereader\filereader\debug\filereader.tlog\cl.command.1.tlog
d:\project\codes\hookmanager\filereader\filereader\debug\filereader.tlog\cl.read.1.tlog
d:\project\codes\hookmanager\filereader\filereader\debug\filereader.tlog\cl.write.1.tlog
d:\project\codes\hookmanager\filereader\filereader\debug\filereader.tlog\link.command.1.tlog
d:\project\codes\hookmanager\filereader\filereader\debug\filereader.tlog\link.read.1.tlog
d:\project\codes\hookmanager\filereader\filereader\debug\filereader.tlog\link.write.1.tlog
d:\project\codes\hookmanager\filereader\filereader\debug\filereader.tlog\rc.command.1.tlog
d:\project\codes\hookmanager\filereader\filereader\debug\filereader.tlog\rc.read.1.tlog
d:\project\codes\hookmanager\filereader\filereader\debug\filereader.tlog\rc.write.1.tlog
